Unity Editor version:    2020.3.21f1 (a38c86f6690f)
Branch:                  2020.3/staging
Build type:              Release
Batch mode:              YES
macOS version:           Version 10.14.6 (Build 18G9323)
Darwin version:          18.7.0
Architecture:            x86_64
Running under Rosetta:   NO
Available memory:        8192 MB
Using pre-set license
Pro License: NO

COMMAND LINE ARGUMENTS:
/Applications/Unity/Hub/Editor/2020.3.21f1/Unity.app/Contents/MacOS/Unity
-adb2
-batchMode
-noUpm
-name
AssetImportWorker1
-projectPath
/Users/user/Documents/PigsGame/PigsGame
-logFile
Logs/AssetImportWorker1.log
-srvPort
49203
Successfully changed project path to: /Users/user/Documents/PigsGame/PigsGame
/Users/user/Documents/PigsGame/PigsGame
Using Asset Import Pipeline V2.
Refreshing native plugins compatible for Editor in 92.55 ms, found 3 plugins.
Preloading 0 native plugins for Editor in 0.00 ms.
Initialize engine version: 2020.3.21f1 (a38c86f6690f)
[Subsystems] Discovering subsystems at path /Applications/Unity/Hub/Editor/2020.3.21f1/Unity.app/Contents/Resources/UnitySubsystems
[Subsystems] Discovering subsystems at path /Users/user/Documents/PigsGame/PigsGame/Assets
GfxDevice: creating device client; threaded=0
2022-01-12 21:02:53.384 Unity[13973:350110] Color LCD preferred device: Intel HD Graphics 5000 (low power)
2022-01-12 21:02:53.384 Unity[13973:350110] Metal devices available: 1
2022-01-12 21:02:53.384 Unity[13973:350110] 0: Intel HD Graphics 5000 (low power)
2022-01-12 21:02:53.385 Unity[13973:350110] Using device Intel HD Graphics 5000 (low power)
Initializing Metal device caps: Intel HD Graphics 5000
Initialize mono
Mono path[0] = '/Applications/Unity/Hub/Editor/2020.3.21f1/Unity.app/Contents/Managed'
Mono path[1] = '/Applications/Unity/Hub/Editor/2020.3.21f1/Unity.app/Contents/MonoBleedingEdge/lib/mono/unityjit'
Mono config path = '/Applications/Unity/Hub/Editor/2020.3.21f1/Unity.app/Contents/MonoBleedingEdge/etc'
Using monoOptions --debugger-agent=transport=dt_socket,embedding=1,server=y,suspend=n,address=127.0.0.1:56973
Begin MonoManager ReloadAssembly
Registering precompiled unity dll's ...
Register platform support module: /Applications/Unity/Hub/Editor/2020.3.21f1/Unity.app/Contents/PlaybackEngines/MacStandaloneSupport/UnityEditor.OSXStandalone.Extensions.dll
Registered in 0.001774 seconds.
Native extension for OSXStandalone target not found
Refreshing native plugins compatible for Editor in 86.83 ms, found 3 plugins.
Preloading 0 native plugins for Editor in 0.00 ms.
Mono: successfully reloaded assembly
- Completed reload, in  8.026 seconds
Domain Reload Profiling:
	ReloadAssembly (8027ms)
		BeginReloadAssembly (71ms)
			ExecutionOrderSort (0ms)
			DisableScriptedObjects (0ms)
			BackupInstance (0ms)
			ReleaseScriptingObjects (0ms)
			CreateAndSetChildDomain (1ms)
		EndReloadAssembly (1063ms)
			LoadAssemblies (73ms)
			RebuildTransferFunctionScriptingTraits (0ms)
			SetupTypeCache (416ms)
			ReleaseScriptCaches (0ms)
			RebuildScriptCaches (80ms)
			SetupLoadedEditorAssemblies (395ms)
				LogAssemblyErrors (0ms)
				InitializePlatformSupportModulesInManaged (10ms)
				SetLoadedEditorAssemblies (1ms)
				RefreshPlugins (87ms)
				BeforeProcessingInitializeOnLoad (21ms)
				ProcessInitializeOnLoadAttributes (207ms)
				ProcessInitializeOnLoadMethodAttributes (68ms)
				AfterProcessingInitializeOnLoad (0ms)
				EditorAssembliesLoaded (0ms)
			ExecutionOrderSort2 (0ms)
			AwakeInstancesAfterBackupRestoration (0ms)
Platform modules already initialized, skipping
Registering precompiled user dll's ...
Registered in 0.009504 seconds.
Begin MonoManager ReloadAssembly
Native extension for OSXStandalone target not found
Refreshing native plugins compatible for Editor in 67.48 ms, found 3 plugins.
Preloading 0 native plugins for Editor in 0.00 ms.
Mono: successfully reloaded assembly
- Completed reload, in  2.330 seconds
Domain Reload Profiling:
	ReloadAssembly (2331ms)
		BeginReloadAssembly (320ms)
			ExecutionOrderSort (0ms)
			DisableScriptedObjects (10ms)
			BackupInstance (0ms)
			ReleaseScriptingObjects (0ms)
			CreateAndSetChildDomain (66ms)
		EndReloadAssembly (1870ms)
			LoadAssemblies (212ms)
			RebuildTransferFunctionScriptingTraits (0ms)
			SetupTypeCache (778ms)
			ReleaseScriptCaches (1ms)
			RebuildScriptCaches (87ms)
			SetupLoadedEditorAssemblies (567ms)
				LogAssemblyErrors (0ms)
				InitializePlatformSupportModulesInManaged (19ms)
				SetLoadedEditorAssemblies (0ms)
				RefreshPlugins (68ms)
				BeforeProcessingInitializeOnLoad (101ms)
				ProcessInitializeOnLoadAttributes (348ms)
				ProcessInitializeOnLoadMethodAttributes (30ms)
				AfterProcessingInitializeOnLoad (1ms)
				EditorAssembliesLoaded (0ms)
			ExecutionOrderSort2 (0ms)
			AwakeInstancesAfterBackupRestoration (10ms)
Platform modules already initialized, skipping
Validating Project structure ... 0.005090 seconds.
Shader import version has changed; will reimport all shaders...
Upgrading shader files ...0.024335 seconds.
Application.AssetDatabase Initial Script Refresh Start
RefreshInfo: InitialScriptRefreshV2(NoUpdateAssetOptions) scanfilter:  ... 1 filters
RefreshProfiler: Total: 0.000ms
Application.AssetDatabase Initial Script Refresh End
Application.AssetDatabase.Refresh Start
Application.AssetDatabase.Refresh End
RefreshInfo: StopAssetImportingV2(ForceSynchronousImport) scanfilter: 
RefreshProfiler: Total: 0.000ms
Launching external process: /Applications/Unity/Hub/Editor/2020.3.21f1/Unity.app/Contents/Tools/UnityShaderCompiler
Launched and connected shader compiler UnityShaderCompiler after 0.02 seconds
Initializing Unity extensions:
========================================================================
Worker process is ready to serve import requests
Refreshing native plugins compatible for Editor in 0.53 ms, found 3 plugins.
Preloading 0 native plugins for Editor in 0.00 ms.
Unloading 2212 Unused Serialized files (Serialized files now loaded: 0)
System memory in use before: 204.4 MB.
System memory in use after: 203.7 MB.

Unloading 116 unused Assets to reduce memory usage. Loaded Objects now: 2685.
Total: 5.486116 ms (FindLiveObjects: 0.418944 ms CreateObjectMapping: 0.136012 ms MarkObjects: 4.203376 ms  DeleteObjects: 0.725239 ms)

AssetImportParameters requested are different than current active one (requested -> active):
  custom:video-decoder-ogg-theora: a1e56fd34408186e4bbccfd4996cb3dc -> 
  custom:container-muxer-webm: aa71ff27fc2769a1b78a27578f13a17b -> 
  custom:container-demuxer-webm: 4f35f7cbe854078d1ac9338744f61a02 -> 
  custom:container-demuxer-ogg: 62fdf1f143b41e24485cea50d1cbac27 -> 
  custom:video-encoder-webm-vp8: eb34c28f22e8b96e1ab97ce403110664 -> 
  custom:framework-osx-AVFoundation: b23960f63f64bdc6ff669e2cdcee2391 -> 
  custom:video-decoder-webm-vp8: 9c59270c3fd7afecdb556c50c9e8de78 -> 
  custom:audio-decoder-ogg-vorbis: bf7c407c2cedff20999df2af8eb42d56 -> 
  custom:audio-encoder-webm-vorbis: bf7c407c2cedff20999df2af8eb42d56 -> 
========================================================================
Received Import Request.
  path: Assets/Sprites/level.png
  artifactKey: Guid(e36a65a27a42b4ef39e15c53a5a72a6c) Importer(815301076,1909f56bfc062723c751e8b465ee728b)
Start importing Assets/Sprites/level.png using Guid(e36a65a27a42b4ef39e15c53a5a72a6c) Importer(815301076,1909f56bfc062723c751e8b465ee728b)  -> (artifact id: '235b57cbe3c7253f29869c344c35c310') in 0.420244 seconds 
  Import took 0.426075 seconds .

========================================================================
Received Import Request.
  Time since last request: 0.006591 seconds.
  path: Assets/Sprites/PinClipart.com_flags-of-the-world_448302.png
  artifactKey: Guid(b57b0073d8e85439180460619cb2ea65) Importer(815301076,1909f56bfc062723c751e8b465ee728b)
Start importing Assets/Sprites/PinClipart.com_flags-of-the-world_448302.png using Guid(b57b0073d8e85439180460619cb2ea65) Importer(815301076,1909f56bfc062723c751e8b465ee728b)  -> (artifact id: '923237c15e7c9c27af8bf527ba958aa2') in 0.052653 seconds 
  Import took 0.060029 seconds .

========================================================================
Received Import Request.
  Time since last request: 0.000423 seconds.
  path: Assets/Sprites/dog_dirty.png
  artifactKey: Guid(2b1ac2e95ff04449386e2af40428f553) Importer(815301076,1909f56bfc062723c751e8b465ee728b)
Start importing Assets/Sprites/dog_dirty.png using Guid(2b1ac2e95ff04449386e2af40428f553) Importer(815301076,1909f56bfc062723c751e8b465ee728b)  -> (artifact id: '4fe6d701cf46c459ab8df4f669e54a3e') in 0.088423 seconds 
  Import took 0.102210 seconds .

========================================================================
Received Import Request.
  Time since last request: 0.000715 seconds.
  path: Assets/Sprites/stone.png
  artifactKey: Guid(137057da6e8e645bb9dfe8b26b5da2d6) Importer(815301076,1909f56bfc062723c751e8b465ee728b)
Start importing Assets/Sprites/stone.png using Guid(137057da6e8e645bb9dfe8b26b5da2d6) Importer(815301076,1909f56bfc062723c751e8b465ee728b)  -> (artifact id: '46529e61249cf0191f2700b4c50bc712') in 0.079219 seconds 
  Import took 0.086948 seconds .

========================================================================
Received Import Request.
  Time since last request: 0.000369 seconds.
  path: Assets/Sprites/bomb.png
  artifactKey: Guid(df2f06dfb10a84476a8b0243ce337256) Importer(815301076,1909f56bfc062723c751e8b465ee728b)
Start importing Assets/Sprites/bomb.png using Guid(df2f06dfb10a84476a8b0243ce337256) Importer(815301076,1909f56bfc062723c751e8b465ee728b)  -> (artifact id: '9778a5ccb70cdce23f7fb725772b242c') in 0.066068 seconds 
  Import took 0.076496 seconds .

========================================================================
Received Import Request.
  Time since last request: 0.000501 seconds.
  path: Assets/Sprites/farmer_dirty.png
  artifactKey: Guid(2937de2bca66e45e7b57ce683213d63c) Importer(815301076,1909f56bfc062723c751e8b465ee728b)
Start importing Assets/Sprites/farmer_dirty.png using Guid(2937de2bca66e45e7b57ce683213d63c) Importer(815301076,1909f56bfc062723c751e8b465ee728b)  -> (artifact id: '08b3e95e052a4116488a4f2b53eea02c') in 0.110880 seconds 
  Import took 0.121523 seconds .

========================================================================
Received Import Request.
  Time since last request: 0.000387 seconds.
  path: Assets/Sprites/grid.png
  artifactKey: Guid(f1d6fbcc1f4bd45e792b162acb53e6f1) Importer(815301076,1909f56bfc062723c751e8b465ee728b)
Start importing Assets/Sprites/grid.png using Guid(f1d6fbcc1f4bd45e792b162acb53e6f1) Importer(815301076,1909f56bfc062723c751e8b465ee728b)  -> (artifact id: 'b0f7d7e34ec12e2ef442a6bdfc24af74') in 0.055494 seconds 
  Import took 0.064284 seconds .

========================================================================
Received Import Request.
  Time since last request: 0.005806 seconds.
  path: Assets/TextMesh Pro/Sprites/EmojiOne.png
  artifactKey: Guid(dffef66376be4fa480fb02b19edbe903) Importer(815301076,1909f56bfc062723c751e8b465ee728b)
Start importing Assets/TextMesh Pro/Sprites/EmojiOne.png using Guid(dffef66376be4fa480fb02b19edbe903) Importer(815301076,1909f56bfc062723c751e8b465ee728b)  -> (artifact id: '1bdbab79574d9199534a6046307e1746') in 0.037402 seconds 
  Import took 0.046027 seconds .

========================================================================
Received Import Request.
  Time since last request: 0.001157 seconds.
  path: Assets/TextMesh Pro/Resources/Fonts & Materials/LiberationSans SDF - Fallback.asset
  artifactKey: Guid(2e498d1c8094910479dc3e1b768306a4) Importer(815301076,1909f56bfc062723c751e8b465ee728b)
Start importing Assets/TextMesh Pro/Resources/Fonts & Materials/LiberationSans SDF - Fallback.asset using Guid(2e498d1c8094910479dc3e1b768306a4) Importer(815301076,1909f56bfc062723c751e8b465ee728b)  -> (artifact id: 'b8c2210586957436df79bf961aeff06e') in 0.640299 seconds 
  Import took 0.648431 seconds .

========================================================================
Received Import Request.
  Time since last request: 0.008547 seconds.
  path: Assets/Sprites/dog.png
  artifactKey: Guid(6aafc5077ddb440cd99161d0f07c5f3e) Importer(815301076,1909f56bfc062723c751e8b465ee728b)
Start importing Assets/Sprites/dog.png using Guid(6aafc5077ddb440cd99161d0f07c5f3e) Importer(815301076,1909f56bfc062723c751e8b465ee728b)  -> (artifact id: 'cb508d31c6e6c34d081a29c24ff197fb') in 0.131379 seconds 
  Import took 0.139095 seconds .

========================================================================
Received Import Request.
  Time since last request: 0.000389 seconds.
  path: Assets/Sprites/farmer.png
  artifactKey: Guid(0107976657ff94340b7442ffa5e52eaf) Importer(815301076,1909f56bfc062723c751e8b465ee728b)
Start importing Assets/Sprites/farmer.png using Guid(0107976657ff94340b7442ffa5e52eaf) Importer(815301076,1909f56bfc062723c751e8b465ee728b)  -> (artifact id: '108490742b444c7e86f6e85900b28aa2') in 0.260965 seconds 
  Import took 0.270730 seconds .

========================================================================
Received Import Request.
  Time since last request: 0.000442 seconds.
  path: Assets/Sprites/âPngtreeâfruit apple cartoon illustration_4677694.png
  artifactKey: Guid(c0b51fa5f66214890822dbf371d7c677) Importer(815301076,1909f56bfc062723c751e8b465ee728b)
Start importing Assets/Sprites/âPngtreeâfruit apple cartoon illustration_4677694.png using Guid(c0b51fa5f66214890822dbf371d7c677) Importer(815301076,1909f56bfc062723c751e8b465ee728b)  -> (artifact id: 'e9e2c4a7a0ffb122c55d8c67fe0676aa') in 0.023813 seconds 
  Import took 0.032270 seconds .

========================================================================
Received Import Request.
  Time since last request: 0.000240 seconds.
  path: Assets/Sprites/pig.png
  artifactKey: Guid(39ed3c7a5749c4c2ca2987defe50a76b) Importer(815301076,1909f56bfc062723c751e8b465ee728b)
Start importing Assets/Sprites/pig.png using Guid(39ed3c7a5749c4c2ca2987defe50a76b) Importer(815301076,1909f56bfc062723c751e8b465ee728b)  -> (artifact id: '2f1f77066a784f89785905ddc0937869') in 0.123750 seconds 
  Import took 0.131656 seconds .

========================================================================
Received Import Request.
  Time since last request: 0.000319 seconds.
  path: Assets/Sprites/dog_angry.png
  artifactKey: Guid(3452ac04052304b5a995c97f180c2dc0) Importer(815301076,1909f56bfc062723c751e8b465ee728b)
Start importing Assets/Sprites/dog_angry.png using Guid(3452ac04052304b5a995c97f180c2dc0) Importer(815301076,1909f56bfc062723c751e8b465ee728b)  -> (artifact id: 'ae3071c0d03fa9097ab76a429b05c6b5') in 0.123168 seconds 
  Import took 0.131588 seconds .

========================================================================
Received Import Request.
  Time since last request: 0.000322 seconds.
  path: Assets/Sprites/farmer_angry.png
  artifactKey: Guid(f4abb304f754d4a6a94eabd27e18e2e7) Importer(815301076,1909f56bfc062723c751e8b465ee728b)
Start importing Assets/Sprites/farmer_angry.png using Guid(f4abb304f754d4a6a94eabd27e18e2e7) Importer(815301076,1909f56bfc062723c751e8b465ee728b)  -> (artifact id: 'ff2b63e23f60fe395beddd770daad657') in 0.054153 seconds 
  Import took 0.064449 seconds .

========================================================================
Received Prepare
Refreshing native plugins compatible for Editor in 18.86 ms, found 3 plugins.
Preloading 0 native plugins for Editor in 0.00 ms.
Unloading 15 Unused Serialized files (Serialized files now loaded: 0)
System memory in use before: 169.3 MB.
System memory in use after: 169.6 MB.

Unloading 15 unused Assets to reduce memory usage. Loaded Objects now: 2766.
Total: 7.535345 ms (FindLiveObjects: 0.445789 ms CreateObjectMapping: 0.169318 ms MarkObjects: 6.898491 ms  DeleteObjects: 0.020209 ms)

AssetImportParameters requested are different than current active one (requested -> active):
  custom:video-decoder-ogg-theora: a1e56fd34408186e4bbccfd4996cb3dc -> 
  custom:container-muxer-webm: aa71ff27fc2769a1b78a27578f13a17b -> 
  custom:container-demuxer-webm: 4f35f7cbe854078d1ac9338744f61a02 -> 
  custom:container-demuxer-ogg: 62fdf1f143b41e24485cea50d1cbac27 -> 
  custom:video-encoder-webm-vp8: eb34c28f22e8b96e1ab97ce403110664 -> 
  custom:framework-osx-AVFoundation: b23960f63f64bdc6ff669e2cdcee2391 -> 
  custom:video-decoder-webm-vp8: 9c59270c3fd7afecdb556c50c9e8de78 -> 
  custom:audio-decoder-ogg-vorbis: bf7c407c2cedff20999df2af8eb42d56 -> 
  custom:audio-encoder-webm-vorbis: bf7c407c2cedff20999df2af8eb42d56 -> 
========================================================================
Received Import Request.
  Time since last request: 527.236297 seconds.
  path: Assets/Scripts/PanelFinish.cs
  artifactKey: Guid(34d3eabb90274447fa154d6738af046b) Importer(815301076,1909f56bfc062723c751e8b465ee728b)
Start importing Assets/Scripts/PanelFinish.cs using Guid(34d3eabb90274447fa154d6738af046b) Importer(815301076,1909f56bfc062723c751e8b465ee728b)  -> (artifact id: '211334f02022dbb8e20743cede02299e') in 0.350409 seconds 
  Import took 0.387558 seconds .

========================================================================
Received Prepare
Registering precompiled user dll's ...
Registered in 0.008792 seconds.
Begin MonoManager ReloadAssembly
Native extension for OSXStandalone target not found
Refreshing native plugins compatible for Editor in 1.13 ms, found 3 plugins.
Preloading 0 native plugins for Editor in 0.00 ms.
Mono: successfully reloaded assembly
- Completed reload, in  4.347 seconds
Domain Reload Profiling:
	ReloadAssembly (4352ms)
		BeginReloadAssembly (638ms)
			ExecutionOrderSort (0ms)
			DisableScriptedObjects (75ms)
			BackupInstance (0ms)
			ReleaseScriptingObjects (0ms)
			CreateAndSetChildDomain (409ms)
		EndReloadAssembly (3506ms)
			LoadAssemblies (250ms)
			RebuildTransferFunctionScriptingTraits (0ms)
			SetupTypeCache (1376ms)
			ReleaseScriptCaches (3ms)
			RebuildScriptCaches (203ms)
			SetupLoadedEditorAssemblies (1221ms)
				LogAssemblyErrors (0ms)
				InitializePlatformSupportModulesInManaged (17ms)
				SetLoadedEditorAssemblies (1ms)
				RefreshPlugins (2ms)
				BeforeProcessingInitializeOnLoad (365ms)
				ProcessInitializeOnLoadAttributes (804ms)
				ProcessInitializeOnLoadMethodAttributes (29ms)
				AfterProcessingInitializeOnLoad (1ms)
				EditorAssembliesLoaded (0ms)
			ExecutionOrderSort2 (0ms)
			AwakeInstancesAfterBackupRestoration (22ms)
Platform modules already initialized, skipping
Switching build target platform(2) subTarget(0) extendedPlatform(0) -> platform(13) subTarget(537395200) extendedPlatform(0)
Refreshing native plugins compatible for Editor in 1.08 ms, found 3 plugins.
Preloading 0 native plugins for Editor in 0.00 ms.
Unloading 2190 Unused Serialized files (Serialized files now loaded: 0)
System memory in use before: 213.8 MB.
System memory in use after: 214.0 MB.

Unloading 18 unused Assets to reduce memory usage. Loaded Objects now: 2769.
Total: 7.627459 ms (FindLiveObjects: 0.499811 ms CreateObjectMapping: 0.269726 ms MarkObjects: 6.801358 ms  DeleteObjects: 0.054157 ms)

AssetImportParameters requested are different than current active one (requested -> active):
  custom:video-decoder-ogg-theora: a1e56fd34408186e4bbccfd4996cb3dc -> 
  custom:container-muxer-webm: aa71ff27fc2769a1b78a27578f13a17b -> 
  custom:container-demuxer-webm: 4f35f7cbe854078d1ac9338744f61a02 -> 
  custom:container-demuxer-ogg: 62fdf1f143b41e24485cea50d1cbac27 -> 
  custom:video-encoder-webm-vp8: eb34c28f22e8b96e1ab97ce403110664 -> 
  custom:framework-osx-AVFoundation: b23960f63f64bdc6ff669e2cdcee2391 -> 
  custom:video-decoder-webm-vp8: 9c59270c3fd7afecdb556c50c9e8de78 -> 
  custom:graphics/normal-map-encoding: 01000000000000000000000000000000 -> 02000000000000000000000000000000
  custom:audio-decoder-ogg-vorbis: bf7c407c2cedff20999df2af8eb42d56 -> 
  custom:audio-encoder-webm-vorbis: bf7c407c2cedff20999df2af8eb42d56 -> 
========================================================================
Received Import Request.
  Time since last request: 147.402005 seconds.
  path: Assets/Scripts/PanelFinish.cs
  artifactKey: Guid(34d3eabb90274447fa154d6738af046b) Importer(815301076,1909f56bfc062723c751e8b465ee728b)
Start importing Assets/Scripts/PanelFinish.cs using Guid(34d3eabb90274447fa154d6738af046b) Importer(815301076,1909f56bfc062723c751e8b465ee728b)  -> (artifact id: '44f05b1d8cc50abc75930a7b06700b67') in 0.016109 seconds 
  Import took 0.024093 seconds .

========================================================================
Received Prepare
Registering precompiled user dll's ...
Registered in 0.011730 seconds.
Begin MonoManager ReloadAssembly
Native extension for OSXStandalone target not found
Refreshing native plugins compatible for Editor in 0.98 ms, found 3 plugins.
Preloading 0 native plugins for Editor in 0.00 ms.
Mono: successfully reloaded assembly
- Completed reload, in  3.869 seconds
Domain Reload Profiling:
	ReloadAssembly (3870ms)
		BeginReloadAssembly (438ms)
			ExecutionOrderSort (0ms)
			DisableScriptedObjects (46ms)
			BackupInstance (0ms)
			ReleaseScriptingObjects (0ms)
			CreateAndSetChildDomain (251ms)
		EndReloadAssembly (3155ms)
			LoadAssemblies (309ms)
			RebuildTransferFunctionScriptingTraits (0ms)
			SetupTypeCache (1173ms)
			ReleaseScriptCaches (2ms)
			RebuildScriptCaches (160ms)
			SetupLoadedEditorAssemblies (1199ms)
				LogAssemblyErrors (0ms)
				InitializePlatformSupportModulesInManaged (9ms)
				SetLoadedEditorAssemblies (2ms)
				RefreshPlugins (1ms)
				BeforeProcessingInitializeOnLoad (372ms)
				ProcessInitializeOnLoadAttributes (782ms)
				ProcessInitializeOnLoadMethodAttributes (32ms)
				AfterProcessingInitializeOnLoad (1ms)
				EditorAssembliesLoaded (0ms)
			ExecutionOrderSort2 (0ms)
			AwakeInstancesAfterBackupRestoration (28ms)
Platform modules already initialized, skipping
Switching build target platform(2) subTarget(0) extendedPlatform(0) -> platform(13) subTarget(537395200) extendedPlatform(0)
Refreshing native plugins compatible for Editor in 1.54 ms, found 3 plugins.
Preloading 0 native plugins for Editor in 0.00 ms.
Unloading 2190 Unused Serialized files (Serialized files now loaded: 0)
System memory in use before: 214.1 MB.
System memory in use after: 214.3 MB.

Unloading 17 unused Assets to reduce memory usage. Loaded Objects now: 2771.
Total: 10.691123 ms (FindLiveObjects: 0.733496 ms CreateObjectMapping: 0.178031 ms MarkObjects: 9.689224 ms  DeleteObjects: 0.087180 ms)

AssetImportParameters requested are different than current active one (requested -> active):
  custom:video-decoder-ogg-theora: a1e56fd34408186e4bbccfd4996cb3dc -> 
  custom:container-muxer-webm: aa71ff27fc2769a1b78a27578f13a17b -> 
  custom:container-demuxer-webm: 4f35f7cbe854078d1ac9338744f61a02 -> 
  custom:container-demuxer-ogg: 62fdf1f143b41e24485cea50d1cbac27 -> 
  custom:video-encoder-webm-vp8: eb34c28f22e8b96e1ab97ce403110664 -> 
  custom:framework-osx-AVFoundation: b23960f63f64bdc6ff669e2cdcee2391 -> 
  custom:video-decoder-webm-vp8: 9c59270c3fd7afecdb556c50c9e8de78 -> 
  custom:graphics/normal-map-encoding: 01000000000000000000000000000000 -> 02000000000000000000000000000000
  custom:audio-decoder-ogg-vorbis: bf7c407c2cedff20999df2af8eb42d56 -> 
  custom:audio-encoder-webm-vorbis: bf7c407c2cedff20999df2af8eb42d56 -> 
========================================================================
Received Prepare
Refreshing native plugins compatible for Editor in 13.33 ms, found 3 plugins.
Preloading 0 native plugins for Editor in 0.00 ms.
Unloading 15 Unused Serialized files (Serialized files now loaded: 0)
System memory in use before: 171.3 MB.
System memory in use after: 171.5 MB.

Unloading 15 unused Assets to reduce memory usage. Loaded Objects now: 2771.
Total: 8.632704 ms (FindLiveObjects: 0.558438 ms CreateObjectMapping: 0.167676 ms MarkObjects: 7.852261 ms  DeleteObjects: 0.052591 ms)

AssetImportParameters requested are different than current active one (requested -> active):
  custom:video-decoder-ogg-theora: a1e56fd34408186e4bbccfd4996cb3dc -> 
  custom:container-muxer-webm: aa71ff27fc2769a1b78a27578f13a17b -> 
  custom:container-demuxer-webm: 4f35f7cbe854078d1ac9338744f61a02 -> 
  custom:container-demuxer-ogg: 62fdf1f143b41e24485cea50d1cbac27 -> 
  custom:video-encoder-webm-vp8: eb34c28f22e8b96e1ab97ce403110664 -> 
  custom:framework-osx-AVFoundation: b23960f63f64bdc6ff669e2cdcee2391 -> 
  custom:video-decoder-webm-vp8: 9c59270c3fd7afecdb556c50c9e8de78 -> 
  custom:audio-decoder-ogg-vorbis: bf7c407c2cedff20999df2af8eb42d56 -> 
  custom:audio-encoder-webm-vorbis: bf7c407c2cedff20999df2af8eb42d56 -> 
========================================================================
Received Prepare
Refreshing native plugins compatible for Editor in 6.67 ms, found 3 plugins.
Preloading 0 native plugins for Editor in 0.00 ms.
Unloading 15 Unused Serialized files (Serialized files now loaded: 0)
System memory in use before: 171.6 MB.
System memory in use after: 171.8 MB.

Unloading 15 unused Assets to reduce memory usage. Loaded Objects now: 2771.
Total: 30.751796 ms (FindLiveObjects: 0.627779 ms CreateObjectMapping: 0.151372 ms MarkObjects: 29.896680 ms  DeleteObjects: 0.074132 ms)

AssetImportParameters requested are different than current active one (requested -> active):
  custom:video-decoder-ogg-theora: a1e56fd34408186e4bbccfd4996cb3dc -> 
  custom:container-muxer-webm: aa71ff27fc2769a1b78a27578f13a17b -> 
  custom:container-demuxer-webm: 4f35f7cbe854078d1ac9338744f61a02 -> 
  custom:container-demuxer-ogg: 62fdf1f143b41e24485cea50d1cbac27 -> 
  custom:video-encoder-webm-vp8: eb34c28f22e8b96e1ab97ce403110664 -> 
  custom:framework-osx-AVFoundation: b23960f63f64bdc6ff669e2cdcee2391 -> 
  custom:video-decoder-webm-vp8: 9c59270c3fd7afecdb556c50c9e8de78 -> 
  custom:audio-decoder-ogg-vorbis: bf7c407c2cedff20999df2af8eb42d56 -> 
  custom:audio-encoder-webm-vorbis: bf7c407c2cedff20999df2af8eb42d56 -> 
========================================================================
Received Import Request.
  Time since last request: 5905.291055 seconds.
  path: Assets/Scripts/Field/Field.cs
  artifactKey: Guid(9971be274d46f49d5a41b201eeedd7ef) Importer(815301076,1909f56bfc062723c751e8b465ee728b)
Start importing Assets/Scripts/Field/Field.cs using Guid(9971be274d46f49d5a41b201eeedd7ef) Importer(815301076,1909f56bfc062723c751e8b465ee728b)  -> (artifact id: '9a03a8f3e918f1e55771e70326862eb4') in 0.135891 seconds 
  Import took 0.204638 seconds .

========================================================================
Received Import Request.
  Time since last request: 1347.576435 seconds.
  path: Assets/Scripts/Field/Field.cs
  artifactKey: Guid(9971be274d46f49d5a41b201eeedd7ef) Importer(815301076,1909f56bfc062723c751e8b465ee728b)
Start importing Assets/Scripts/Field/Field.cs using Guid(9971be274d46f49d5a41b201eeedd7ef) Importer(815301076,1909f56bfc062723c751e8b465ee728b)  -> (artifact id: '3b2d0086d538148a09d266f699dcb9ca') in 0.010336 seconds 
  Import took 0.021546 seconds .

